\BOOKMARK [0][-]{chapter.1}{\376\377\000p\000i\000p\000\137\000i\000n\000i\000t}{}% 1
\BOOKMARK [0][-]{chapter.2}{\376\377\000p\000i\000p\000\137\000f\000i\000n}{}% 2
\BOOKMARK [0][-]{chapter.3}{\376\377\000p\000i\000p\000\137\000s\000p\000a\000w\000n\000\137\000f\000r\000o\000m\000\137\000m\000a\000i\000n}{}% 3
\BOOKMARK [0][-]{chapter.4}{\376\377\000p\000i\000p\000\137\000s\000p\000a\000w\000n\000\137\000f\000r\000o\000m\000\137\000f\000u\000n\000c}{}% 4
\BOOKMARK [0][-]{chapter.5}{\376\377\000p\000i\000p\000\137\000s\000p\000a\000w\000n\000\137\000h\000o\000o\000k}{}% 5
\BOOKMARK [0][-]{chapter.6}{\376\377\000p\000i\000p\000\137\000t\000a\000s\000k\000\137\000s\000p\000a\000w\000n}{}% 6
\BOOKMARK [0][-]{chapter.7}{\376\377\000p\000i\000p\000\137\000n\000a\000m\000e\000d\000\137\000e\000x\000p\000o\000r\000t}{}% 7
\BOOKMARK [0][-]{chapter.8}{\376\377\000p\000i\000p\000\137\000n\000a\000m\000e\000d\000\137\000i\000m\000p\000o\000r\000t}{}% 8
\BOOKMARK [0][-]{chapter.9}{\376\377\000p\000i\000p\000\137\000n\000a\000m\000e\000d\000\137\000t\000r\000y\000i\000m\000p\000o\000r\000t}{}% 9
\BOOKMARK [0][-]{chapter.10}{\376\377\000p\000i\000p\000\137\000e\000x\000p\000o\000r\000t}{}% 10
\BOOKMARK [0][-]{chapter.11}{\376\377\000p\000i\000p\000\137\000i\000m\000p\000o\000r\000t}{}% 11
\BOOKMARK [0][-]{chapter.12}{\376\377\000p\000i\000p\000\137\000g\000e\000t\000\137\000p\000i\000p\000i\000d}{}% 12
\BOOKMARK [0][-]{chapter.13}{\376\377\000p\000i\000p\000\137\000i\000s\000\137\000i\000n\000i\000t\000i\000a\000l\000i\000z\000e\000d}{}% 13
\BOOKMARK [0][-]{chapter.14}{\376\377\000p\000i\000p\000\137\000g\000e\000t\000\137\000n\000t\000a\000s\000k\000s}{}% 14
\BOOKMARK [0][-]{chapter.15}{\376\377\000p\000i\000p\000\137\000g\000e\000t\000\137\000m\000o\000d\000e}{}% 15
\BOOKMARK [0][-]{chapter.16}{\376\377\000p\000i\000p\000\137\000g\000e\000t\000\137\000m\000o\000d\000e\000\137\000s\000t\000r}{}% 16
\BOOKMARK [0][-]{chapter.17}{\376\377\000p\000i\000p\000\137\000e\000x\000i\000t}{}% 17
\BOOKMARK [0][-]{chapter.18}{\376\377\000p\000i\000p\000\137\000w\000a\000i\000t}{}% 18
\BOOKMARK [0][-]{chapter.19}{\376\377\000p\000i\000p\000\137\000t\000r\000y\000w\000a\000i\000t}{}% 19
\BOOKMARK [0][-]{chapter.20}{\376\377\000p\000i\000p\000\137\000w\000a\000i\000t\000\137\000a\000n\000y}{}% 20
\BOOKMARK [0][-]{chapter.21}{\376\377\000p\000i\000p\000\137\000t\000r\000y\000w\000a\000i\000t\000\137\000a\000n\000y}{}% 21
\BOOKMARK [0][-]{chapter.22}{\376\377\000p\000i\000p\000\137\000g\000e\000t\000\137\000s\000y\000s\000t\000e\000m\000\137\000i\000d}{}% 22
\BOOKMARK [0][-]{chapter.23}{\376\377\000p\000i\000p\000\137\000i\000s\000a\000\137\000r\000o\000o\000t}{}% 23
\BOOKMARK [0][-]{chapter.24}{\376\377\000p\000i\000p\000\137\000i\000s\000a\000\137\000t\000a\000s\000k}{}% 24
\BOOKMARK [0][-]{chapter.25}{\376\377\000p\000i\000p\000\137\000k\000i\000l\000l\000\137\000a\000l\000l\000\137\000t\000a\000s\000k\000s}{}% 25
\BOOKMARK [0][-]{chapter.26}{\376\377\000p\000i\000p\000\137\000a\000b\000o\000r\000t}{}% 26
\BOOKMARK [0][-]{chapter.27}{\376\377\000p\000i\000p\000\137\000s\000p\000a\000w\000n}{}% 27
\BOOKMARK [0][-]{chapter.28}{\376\377\000p\000i\000p\000\137\000i\000s\000\137\000t\000h\000r\000e\000a\000d\000e\000d}{}% 28
\BOOKMARK [0][-]{chapter.29}{\376\377\000p\000i\000p\000\137\000i\000s\000\137\000s\000h\000a\000r\000e\000d\000\137\000f\000d}{}% 29
\BOOKMARK [0][-]{chapter.30}{\376\377\000p\000i\000p\000\137\000d\000e\000c\000o\000u\000p\000l\000e}{}% 30
\BOOKMARK [0][-]{chapter.31}{\376\377\000R\000E\000A\000D\000M\000E}{}% 31
\BOOKMARK [0][-]{chapter.32}{\376\377\000\050\000T\000h\000i\000s\000\040\000i\000s\000\040\000a\000\040\000D\000o\000x\000y\000g\000e\000n\000\040\000d\000i\000r\000e\000c\000t\000i\000v\000e\000\040\000a\000n\000d\000\040\000j\000u\000s\000t\000\040\000i\000g\000n\000o\000r\000e\000\051}{}% 32
\BOOKMARK [0][-]{chapter.33}{\376\377\000M\000o\000d\000u\000l\000e\000\040\000I\000n\000d\000e\000x}{}% 33
\BOOKMARK [1][-]{section.33.1}{\376\377\000M\000o\000d\000u\000l\000e\000s}{chapter.33}% 34
\BOOKMARK [0][-]{chapter.34}{\376\377\000M\000o\000d\000u\000l\000e\000\040\000D\000o\000c\000u\000m\000e\000n\000t\000a\000t\000i\000o\000n}{}% 35
\BOOKMARK [1][-]{section.34.1}{\376\377\000p\000i\000p\000-\000e\000x\000e\000c}{chapter.34}% 36
\BOOKMARK [2][-]{subsection.34.1.1}{\376\377\000S\000Y\000N\000O\000P\000S\000I\000S}{section.34.1}% 37
\BOOKMARK [2][-]{subsection.34.1.2}{\376\377\000D\000E\000S\000C\000R\000I\000P\000T\000I\000O\000N}{section.34.1}% 38
\BOOKMARK [1][-]{section.34.2}{\376\377\000p\000i\000p\000c\000c}{chapter.34}% 39
\BOOKMARK [2][-]{subsection.34.2.1}{\376\377\000S\000Y\000N\000O\000P\000S\000I\000S}{section.34.2}% 40
\BOOKMARK [2][-]{subsection.34.2.2}{\376\377\000O\000P\000T\000I\000O\000N\000S}{section.34.2}% 41
\BOOKMARK [3][-]{subsubsection.34.2.2.1}{\376\377\000-\000p\000i\000p\000r\000o\000o\000t}{subsection.34.2.2}% 42
\BOOKMARK [3][-]{subsubsection.34.2.2.2}{\376\377\000-\000p\000i\000p\000t\000a\000s\000k}{subsection.34.2.2}% 43
\BOOKMARK [1][-]{section.34.3}{\376\377\000p\000i\000p\000-\000m\000o\000d\000e}{chapter.34}% 44
\BOOKMARK [2][-]{subsection.34.3.1}{\376\377\000S\000Y\000N\000O\000P\000S\000I\000S}{section.34.3}% 45
\BOOKMARK [2][-]{subsection.34.3.2}{\376\377\000O\000P\000T\000I\000O\000N\000S}{section.34.3}% 46
\BOOKMARK [3][-]{subsubsection.34.3.2.1}{\376\377\000-\000P}{subsection.34.3.2}% 47
\BOOKMARK [3][-]{subsubsection.34.3.2.2}{\376\377\000-\000p}{subsection.34.3.2}% 48
\BOOKMARK [3][-]{subsubsection.34.3.2.3}{\376\377\000-\000c}{subsection.34.3.2}% 49
\BOOKMARK [3][-]{subsubsection.34.3.2.4}{\376\377\000-\000t}{subsection.34.3.2}% 50
\BOOKMARK [1][-]{section.34.4}{\376\377\000p\000i\000p\000-\000c\000h\000e\000c\000k}{chapter.34}% 51
\BOOKMARK [2][-]{subsection.34.4.1}{\376\377\000S\000Y\000N\000O\000P\000S\000I\000S}{section.34.4}% 52
\BOOKMARK [1][-]{section.34.5}{\376\377\000p\000i\000p\000-\000m\000a\000n}{chapter.34}% 53
\BOOKMARK [2][-]{subsection.34.5.1}{\376\377\000S\000Y\000N\000O\000P\000S\000I\000S}{section.34.5}% 54
\BOOKMARK [1][-]{section.34.6}{\376\377\000p\000i\000p\000s}{chapter.34}% 55
\BOOKMARK [2][-]{subsection.34.6.1}{\376\377\000S\000Y\000N\000O\000P\000S\000I\000S}{section.34.6}% 56
\BOOKMARK [2][-]{subsection.34.6.2}{\376\377\000O\000P\000T\000I\000O\000N\000S}{section.34.6}% 57
\BOOKMARK [3][-]{subsubsection.34.6.2.1}{\376\377\000-\000s\000\040\000\134\000b\000\040\000S\000I\000G\000N\000A\000L}{subsection.34.6.2}% 58
\BOOKMARK [3][-]{subsubsection.34.6.2.2}{\376\377\000-\000k}{subsection.34.6.2}% 59
\BOOKMARK [3][-]{subsubsection.34.6.2.3}{\376\377\000-\000l}{subsection.34.6.2}% 60
\BOOKMARK [3][-]{subsubsection.34.6.2.4}{\376\377\000-\000-\000l\000i\000s\000t}{subsection.34.6.2}% 61
\BOOKMARK [3][-]{subsubsection.34.6.2.5}{\376\377\000-\000t}{subsection.34.6.2}% 62
\BOOKMARK [3][-]{subsubsection.34.6.2.6}{\376\377\000-\000-\000t\000o\000p}{subsection.34.6.2}% 63
\BOOKMARK [1][-]{section.34.7}{\376\377\000p\000r\000i\000n\000t\000p\000i\000p\000m\000o\000d\000e}{chapter.34}% 64
\BOOKMARK [2][-]{subsection.34.7.1}{\376\377\000S\000Y\000N\000O\000P\000S\000I\000S}{section.34.7}% 65
\BOOKMARK [2][-]{subsection.34.7.2}{\376\377\000D\000E\000S\000C\000R\000I\000P\000T\000I\000O\000N}{section.34.7}% 66
\BOOKMARK [1][-]{section.34.8}{\376\377\000l\000i\000b\000p\000i\000p}{chapter.34}% 67
\BOOKMARK [2][-]{subsection.34.8.1}{\376\377\000D\000e\000t\000a\000i\000l\000e\000d\000\040\000D\000e\000s\000c\000r\000i\000p\000t\000i\000o\000n}{section.34.8}% 68
\BOOKMARK [2][-]{subsection.34.8.2}{\376\377\000F\000u\000n\000c\000t\000i\000o\000n\000\040\000D\000o\000c\000u\000m\000e\000n\000t\000a\000t\000i\000o\000n}{section.34.8}% 69
\BOOKMARK [3][-]{subsubsection.34.8.2.1}{\376\377\000p\000i\000p\000\137\000k\000i\000l\000l}{subsection.34.8.2}% 70
\BOOKMARK [3][-]{subsubsection.34.8.2.2}{\376\377\000p\000i\000p\000\137\000s\000i\000g\000m\000a\000s\000k}{subsection.34.8.2}% 71
\BOOKMARK [3][-]{subsubsection.34.8.2.3}{\376\377\000p\000i\000p\000\137\000s\000i\000g\000n\000a\000l\000\137\000w\000a\000i\000t}{subsection.34.8.2}% 72
\BOOKMARK [1][-]{section.34.9}{\376\377\000p\000i\000p\000l\000n\000l\000i\000b\000s}{chapter.34}% 73
\BOOKMARK [2][-]{subsection.34.9.1}{\376\377\000S\000Y\000N\000O\000P\000S\000I\000S}{section.34.9}% 74
\BOOKMARK [2][-]{subsection.34.9.2}{\376\377\000D\000E\000S\000C\000R\000I\000P\000T\000I\000O\000N}{section.34.9}% 75
\BOOKMARK [2][-]{subsection.34.9.3}{\376\377\000O\000P\000T\000I\000O\000N\000S}{section.34.9}% 76
\BOOKMARK [3][-]{subsubsection.34.9.3.1}{\376\377\000-\000r}{subsection.34.9.3}% 77
\BOOKMARK [3][-]{subsubsection.34.9.3.2}{\376\377\000-\000s}{subsection.34.9.3}% 78
\BOOKMARK [2][-]{subsection.34.9.4}{\376\377\000E\000N\000V\000I\000R\000O\000N\000M\000E\000N\000T}{section.34.9}% 79
\BOOKMARK [3][-]{subsubsection.34.9.4.1}{\376\377\000P\000I\000P\000\137\000L\000I\000B\000R\000A\000R\000Y\000\137\000P\000A\000T\000H}{subsection.34.9.4}% 80
\BOOKMARK [3][-]{subsubsection.34.9.4.2}{\376\377\000L\000D\000\137\000L\000I\000B\000R\000A\000R\000Y\000\137\000P\000A\000T\000H}{subsection.34.9.4}% 81
\BOOKMARK [1][-]{section.34.10}{\376\377\000p\000i\000p\000-\000o\000v\000e\000r\000v\000i\000e\000w}{chapter.34}% 82
\BOOKMARK [2][-]{subsection.34.10.1}{\376\377\000O\000v\000e\000r\000v\000i\000e\000w}{section.34.10}% 83
\BOOKMARK [2][-]{subsection.34.10.2}{\376\377\000T\000h\000r\000e\000a\000d}{section.34.10}% 84
\BOOKMARK [3][-]{subsubsection.34.10.2.1}{\376\377\000T\000h\000r\000e\000a\000d}{subsection.34.10.2}% 85
\BOOKMARK [3][-]{subsubsection.34.10.2.2}{\376\377\000P\000r\000o\000c\000e\000s\000s}{subsection.34.10.2}% 86
\BOOKMARK [2][-]{subsection.34.10.3}{\376\377\000E\000x\000e\000c\000u\000t\000i\000o\000n\000\040\000m\000o\000d\000e}{section.34.10}% 87
\BOOKMARK [2][-]{subsection.34.10.4}{\376\377\000L\000i\000m\000i\000t\000a\000t\000i\000o\000n}{section.34.10}% 88
\BOOKMARK [2][-]{subsection.34.10.5}{\376\377\000C\000o\000m\000p\000i\000l\000e\000\040\000a\000n\000d\000\040\000L\000i\000n\000k\000\040\000U\000s\000e\000r\000\040\000p\000r\000o\000g\000r\000a\000m\000s}{section.34.10}% 89
\BOOKMARK [2][-]{subsection.34.10.6}{\376\377\000G\000L\000I\000B\000C\000\040\000i\000s\000s\000u\000e\000s}{section.34.10}% 90
\BOOKMARK [2][-]{subsection.34.10.7}{\376\377\000P\000i\000P\000-\000G\000D\000B}{section.34.10}% 91
\BOOKMARK [2][-]{subsection.34.10.8}{\376\377\000D\000e\000b\000u\000g\000\040\000o\000n\000\040\000E\000x\000c\000e\000p\000t\000i\000o\000n\000\040\000S\000i\000g\000n\000a\000l\000s}{section.34.10}% 92
\BOOKMARK [2][-]{subsection.34.10.9}{\376\377\000A\000u\000t\000h\000o\000r}{section.34.10}% 93
\BOOKMARK [-1][-]{section*.27}{\376\377\000I\000n\000d\000e\000x}{}% 94
