\BOOKMARK [0][-]{chapter.1}{\376\377\000P\000r\000o\000c\000e\000s\000-\000i\000n\000-\000P\000r\000o\000c\000e\000s\000s\000\040\000\050\000P\000i\000P\000\051\000\040\000O\000v\000e\000r\000v\000i\000e\000w}{}% 1
\BOOKMARK [0][-]{chapter.2}{\376\377\000P\000i\000P\000\040\000C\000o\000m\000m\000a\000n\000d\000s}{}% 2
\BOOKMARK [1][-]{section.2.1}{\376\377\000p\000i\000p\000c\000c}{chapter.2}% 3
\BOOKMARK [1][-]{section.2.2}{\376\377\000p\000i\000p\000-\000c\000h\000e\000c\000k}{chapter.2}% 4
\BOOKMARK [1][-]{section.2.3}{\376\377\000p\000i\000p\000-\000e\000x\000e\000c}{chapter.2}% 5
\BOOKMARK [1][-]{section.2.4}{\376\377\000p\000i\000p\000l\000n\000l\000i\000b\000s}{chapter.2}% 6
\BOOKMARK [1][-]{section.2.5}{\376\377\000p\000i\000p\000-\000m\000a\000n}{chapter.2}% 7
\BOOKMARK [1][-]{section.2.6}{\376\377\000p\000i\000p\000-\000m\000o\000d\000e}{chapter.2}% 8
\BOOKMARK [1][-]{section.2.7}{\376\377\000p\000i\000p\000s}{chapter.2}% 9
\BOOKMARK [1][-]{section.2.8}{\376\377\000p\000r\000i\000n\000t\000p\000i\000p\000m\000o\000d\000e}{chapter.2}% 10
\BOOKMARK [0][-]{chapter.3}{\376\377\000P\000i\000P\000\040\000F\000u\000n\000c\000t\000i\000o\000n\000s}{}% 11
\BOOKMARK [1][-]{section.3.1}{\376\377\000P\000i\000P\000\040\000I\000n\000i\000t\000i\000a\000l\000i\000z\000a\000t\000i\000o\000n\000/\000F\000i\000n\000a\000l\000i\000z\000a\000t\000i\000o\000n}{chapter.3}% 12
\BOOKMARK [2][-]{subsection.3.1.1}{\376\377\000D\000e\000t\000a\000i\000l\000e\000d\000\040\000D\000e\000s\000c\000r\000i\000p\000t\000i\000o\000n}{section.3.1}% 13
\BOOKMARK [3][-]{subsubsection.3.1.1.1}{\376\377\000P\000i\000P\000\040\000I\000n\000i\000t\000i\000a\000l\000i\000z\000a\000t\000i\000o\000n\000/\000F\000i\000n\000a\000l\000i\000z\000a\000t\000i\000o\000n}{subsection.3.1.1}% 14
\BOOKMARK [2][-]{subsection.3.1.2}{\376\377\000F\000u\000n\000c\000t\000i\000o\000n\000\040\000D\000o\000c\000u\000m\000e\000n\000t\000a\000t\000i\000o\000n}{section.3.1}% 15
\BOOKMARK [3][-]{subsubsection.3.1.2.1}{\376\377\000p\000i\000p\000\137\000i\000n\000i\000t}{subsection.3.1.2}% 16
\BOOKMARK [3][-]{subsubsection.3.1.2.2}{\376\377\000p\000i\000p\000\137\000f\000i\000n}{subsection.3.1.2}% 17
\BOOKMARK [1][-]{section.3.2}{\376\377\000S\000p\000a\000w\000n\000i\000n\000g\000\040\000P\000i\000P\000\040\000t\000a\000s\000k}{chapter.3}% 18
\BOOKMARK [2][-]{subsection.3.2.1}{\376\377\000D\000e\000t\000a\000i\000l\000e\000d\000\040\000D\000e\000s\000c\000r\000i\000p\000t\000i\000o\000n}{section.3.2}% 19
\BOOKMARK [3][-]{subsubsection.3.2.1.1}{\376\377\000P\000i\000P\000\040\000S\000p\000a\000w\000n\000i\000g\000\040\000P\000i\000P\000\040\000\050\000U\000L\000P\000/\000B\000L\000T\000\051\000\040\000t\000a\000s\000k}{subsection.3.2.1}% 20
\BOOKMARK [2][-]{subsection.3.2.2}{\376\377\000F\000u\000n\000c\000t\000i\000o\000n\000\040\000D\000o\000c\000u\000m\000e\000n\000t\000a\000t\000i\000o\000n}{section.3.2}% 21
\BOOKMARK [3][-]{subsubsection.3.2.2.1}{\376\377\000p\000i\000p\000\137\000s\000p\000a\000w\000n\000\137\000f\000r\000o\000m\000\137\000m\000a\000i\000n}{subsection.3.2.2}% 22
\BOOKMARK [3][-]{subsubsection.3.2.2.2}{\376\377\000p\000i\000p\000\137\000s\000p\000a\000w\000n\000\137\000f\000r\000o\000m\000\137\000f\000u\000n\000c}{subsection.3.2.2}% 23
\BOOKMARK [3][-]{subsubsection.3.2.2.3}{\376\377\000p\000i\000p\000\137\000s\000p\000a\000w\000n\000\137\000h\000o\000o\000k}{subsection.3.2.2}% 24
\BOOKMARK [3][-]{subsubsection.3.2.2.4}{\376\377\000p\000i\000p\000\137\000t\000a\000s\000k\000\137\000s\000p\000a\000w\000n}{subsection.3.2.2}% 25
\BOOKMARK [3][-]{subsubsection.3.2.2.5}{\376\377\000p\000i\000p\000\137\000s\000p\000a\000w\000n}{subsection.3.2.2}% 26
\BOOKMARK [3][-]{subsubsection.3.2.2.6}{\376\377\000p\000i\000p\000\137\000b\000l\000t\000\137\000s\000p\000a\000w\000n}{subsection.3.2.2}% 27
\BOOKMARK [1][-]{section.3.3}{\376\377\000T\000e\000r\000m\000i\000n\000a\000t\000i\000n\000g\000\040\000P\000i\000P\000\040\000T\000a\000s\000k}{chapter.3}% 28
\BOOKMARK [2][-]{subsection.3.3.1}{\376\377\000D\000e\000t\000a\000i\000l\000e\000d\000\040\000D\000e\000s\000c\000r\000i\000p\000t\000i\000o\000n}{section.3.3}% 29
\BOOKMARK [3][-]{subsubsection.3.3.1.1}{\376\377\000T\000e\000r\000m\000i\000n\000a\000t\000i\000n\000g\000\040\000P\000i\000P\000\040\000t\000a\000s\000k}{subsection.3.3.1}% 30
\BOOKMARK [2][-]{subsection.3.3.2}{\376\377\000F\000u\000n\000c\000t\000i\000o\000n\000\040\000D\000o\000c\000u\000m\000e\000n\000t\000a\000t\000i\000o\000n}{section.3.3}% 31
\BOOKMARK [3][-]{subsubsection.3.3.2.1}{\376\377\000p\000i\000p\000\137\000e\000x\000i\000t}{subsection.3.3.2}% 32
\BOOKMARK [3][-]{subsubsection.3.3.2.2}{\376\377\000p\000i\000p\000\137\000k\000i\000l\000l\000\137\000a\000l\000l\000\137\000t\000a\000s\000k\000s}{subsection.3.3.2}% 33
\BOOKMARK [3][-]{subsubsection.3.3.2.3}{\376\377\000p\000i\000p\000\137\000a\000b\000o\000r\000t}{subsection.3.3.2}% 34
\BOOKMARK [1][-]{section.3.4}{\376\377\000W\000a\000i\000t\000i\000n\000g\000\040\000f\000o\000r\000\040\000P\000i\000P\000\040\000t\000a\000s\000k\000\040\000t\000e\000r\000m\000i\000n\000a\000t\000i\000o\000n}{chapter.3}% 35
\BOOKMARK [2][-]{subsection.3.4.1}{\376\377\000D\000e\000t\000a\000i\000l\000e\000d\000\040\000D\000e\000s\000c\000r\000i\000p\000t\000i\000o\000n}{section.3.4}% 36
\BOOKMARK [3][-]{subsubsection.3.4.1.1}{\376\377\000W\000a\000i\000t\000i\000n\000g\000\040\000f\000o\000r\000\040\000P\000i\000P\000\040\000t\000a\000s\000k\000\040\000t\000e\000r\000m\000i\000n\000a\000t\000i\000o\000n}{subsection.3.4.1}% 37
\BOOKMARK [2][-]{subsection.3.4.2}{\376\377\000F\000u\000n\000c\000t\000i\000o\000n\000\040\000D\000o\000c\000u\000m\000e\000n\000t\000a\000t\000i\000o\000n}{section.3.4}% 38
\BOOKMARK [3][-]{subsubsection.3.4.2.1}{\376\377\000p\000i\000p\000\137\000w\000a\000i\000t}{subsection.3.4.2}% 39
\BOOKMARK [3][-]{subsubsection.3.4.2.2}{\376\377\000p\000i\000p\000\137\000t\000r\000y\000w\000a\000i\000t}{subsection.3.4.2}% 40
\BOOKMARK [3][-]{subsubsection.3.4.2.3}{\376\377\000p\000i\000p\000\137\000w\000a\000i\000t\000\137\000a\000n\000y}{subsection.3.4.2}% 41
\BOOKMARK [3][-]{subsubsection.3.4.2.4}{\376\377\000p\000i\000p\000\137\000t\000r\000y\000w\000a\000i\000t\000\137\000a\000n\000y}{subsection.3.4.2}% 42
\BOOKMARK [1][-]{section.3.5}{\376\377\000E\000x\000p\000o\000r\000t\000/\000I\000m\000p\000o\000r\000t\000\040\000F\000u\000n\000c\000t\000i\000o\000n\000s}{chapter.3}% 43
\BOOKMARK [2][-]{subsection.3.5.1}{\376\377\000D\000e\000t\000a\000i\000l\000e\000d\000\040\000D\000e\000s\000c\000r\000i\000p\000t\000i\000o\000n}{section.3.5}% 44
\BOOKMARK [3][-]{subsubsection.3.5.1.1}{\376\377\000P\000i\000P\000\040\000E\000x\000p\000o\000r\000t\000\040\000a\000n\000d\000\040\000I\000m\000p\000o\000r\000t}{subsection.3.5.1}% 45
\BOOKMARK [2][-]{subsection.3.5.2}{\376\377\000F\000u\000n\000c\000t\000i\000o\000n\000\040\000D\000o\000c\000u\000m\000e\000n\000t\000a\000t\000i\000o\000n}{section.3.5}% 46
\BOOKMARK [3][-]{subsubsection.3.5.2.1}{\376\377\000p\000i\000p\000\137\000n\000a\000m\000e\000d\000\137\000e\000x\000p\000o\000r\000t}{subsection.3.5.2}% 47
\BOOKMARK [3][-]{subsubsection.3.5.2.2}{\376\377\000p\000i\000p\000\137\000n\000a\000m\000e\000d\000\137\000i\000m\000p\000o\000r\000t}{subsection.3.5.2}% 48
\BOOKMARK [3][-]{subsubsection.3.5.2.3}{\376\377\000p\000i\000p\000\137\000n\000a\000m\000e\000d\000\137\000t\000r\000y\000i\000m\000p\000o\000r\000t}{subsection.3.5.2}% 49
\BOOKMARK [3][-]{subsubsection.3.5.2.4}{\376\377\000p\000i\000p\000\137\000e\000x\000p\000o\000r\000t}{subsection.3.5.2}% 50
\BOOKMARK [3][-]{subsubsection.3.5.2.5}{\376\377\000p\000i\000p\000\137\000i\000m\000p\000o\000r\000t}{subsection.3.5.2}% 51
\BOOKMARK [1][-]{section.3.6}{\376\377\000P\000i\000P\000\040\000M\000i\000s\000c\000e\000l\000l\000a\000n\000e\000o\000u\000s\000\040\000F\000u\000n\000c\000t\000i\000o\000n\000s}{chapter.3}% 52
\BOOKMARK [2][-]{subsection.3.6.1}{\376\377\000D\000e\000t\000a\000i\000l\000e\000d\000\040\000D\000e\000s\000c\000r\000i\000p\000t\000i\000o\000n}{section.3.6}% 53
\BOOKMARK [3][-]{subsubsection.3.6.1.1}{\376\377\000P\000i\000P\000\040\000m\000i\000s\000c\000e\000l\000l\000a\000n\000e\000o\000u\000s\000\040\000f\000u\000n\000c\000t\000i\000o\000n\000s}{subsection.3.6.1}% 54
\BOOKMARK [2][-]{subsection.3.6.2}{\376\377\000F\000u\000n\000c\000t\000i\000o\000n\000\040\000D\000o\000c\000u\000m\000e\000n\000t\000a\000t\000i\000o\000n}{section.3.6}% 55
\BOOKMARK [3][-]{subsubsection.3.6.2.1}{\376\377\000p\000i\000p\000\137\000g\000e\000t\000\137\000p\000i\000p\000i\000d}{subsection.3.6.2}% 56
\BOOKMARK [3][-]{subsubsection.3.6.2.2}{\376\377\000p\000i\000p\000\137\000i\000s\000\137\000i\000n\000i\000t\000i\000a\000l\000i\000z\000e\000d}{subsection.3.6.2}% 57
\BOOKMARK [3][-]{subsubsection.3.6.2.3}{\376\377\000p\000i\000p\000\137\000g\000e\000t\000\137\000n\000t\000a\000s\000k\000s}{subsection.3.6.2}% 58
\BOOKMARK [3][-]{subsubsection.3.6.2.4}{\376\377\000p\000i\000p\000\137\000g\000e\000t\000\137\000m\000o\000d\000e}{subsection.3.6.2}% 59
\BOOKMARK [3][-]{subsubsection.3.6.2.5}{\376\377\000p\000i\000p\000\137\000g\000e\000t\000\137\000m\000o\000d\000e\000\137\000s\000t\000r}{subsection.3.6.2}% 60
\BOOKMARK [3][-]{subsubsection.3.6.2.6}{\376\377\000p\000i\000p\000\137\000g\000e\000t\000\137\000s\000y\000s\000t\000e\000m\000\137\000i\000d}{subsection.3.6.2}% 61
\BOOKMARK [3][-]{subsubsection.3.6.2.7}{\376\377\000p\000i\000p\000\137\000i\000s\000a\000\137\000r\000o\000o\000t}{subsection.3.6.2}% 62
\BOOKMARK [3][-]{subsubsection.3.6.2.8}{\376\377\000p\000i\000p\000\137\000i\000s\000a\000\137\000t\000a\000s\000k}{subsection.3.6.2}% 63
\BOOKMARK [3][-]{subsubsection.3.6.2.9}{\376\377\000p\000i\000p\000\137\000i\000s\000\137\000t\000h\000r\000e\000a\000d\000e\000d}{subsection.3.6.2}% 64
\BOOKMARK [3][-]{subsubsection.3.6.2.10}{\376\377\000p\000i\000p\000\137\000i\000s\000\137\000s\000h\000a\000r\000e\000d\000\137\000f\000d}{subsection.3.6.2}% 65
\BOOKMARK [1][-]{section.3.7}{\376\377\000P\000i\000P\000\040\000S\000i\000g\000n\000a\000l\000i\000n\000g\000\040\000F\000u\000n\000c\000t\000i\000o\000n\000s}{chapter.3}% 66
\BOOKMARK [2][-]{subsection.3.7.1}{\376\377\000D\000e\000t\000a\000i\000l\000e\000d\000\040\000D\000e\000s\000c\000r\000i\000p\000t\000i\000o\000n}{section.3.7}% 67
\BOOKMARK [3][-]{subsubsection.3.7.1.1}{\376\377\000P\000i\000P\000\040\000s\000i\000g\000n\000a\000l\000i\000n\000g\000\040\000f\000u\000n\000c\000t\000i\000o\000n\000s}{subsection.3.7.1}% 68
\BOOKMARK [2][-]{subsection.3.7.2}{\376\377\000F\000u\000n\000c\000t\000i\000o\000n\000\040\000D\000o\000c\000u\000m\000e\000n\000t\000a\000t\000i\000o\000n}{section.3.7}% 69
\BOOKMARK [3][-]{subsubsection.3.7.2.1}{\376\377\000p\000i\000p\000\137\000k\000i\000l\000l}{subsection.3.7.2}% 70
\BOOKMARK [3][-]{subsubsection.3.7.2.2}{\376\377\000p\000i\000p\000\137\000s\000i\000g\000m\000a\000s\000k}{subsection.3.7.2}% 71
\BOOKMARK [3][-]{subsubsection.3.7.2.3}{\376\377\000p\000i\000p\000\137\000s\000i\000g\000n\000a\000l\000\137\000w\000a\000i\000t}{subsection.3.7.2}% 72
\BOOKMARK [0][-]{chapter.4}{\376\377\000B\000L\000T\000/\000U\000L\000P\000\040\000F\000u\000n\000c\000t\000i\000o\000n\000s}{}% 73
\BOOKMARK [1][-]{section.4.1}{\376\377\000Y\000i\000e\000l\000d\000i\000n\000g\000\040\000F\000u\000n\000c\000t\000i\000o\000n\000n\000s}{chapter.4}% 74
\BOOKMARK [2][-]{subsection.4.1.1}{\376\377\000D\000e\000t\000a\000i\000l\000e\000d\000\040\000D\000e\000s\000c\000r\000i\000p\000t\000i\000o\000n}{section.4.1}% 75
\BOOKMARK [3][-]{subsubsection.4.1.1.1}{\376\377\000Y\000i\000e\000l\000d\000i\000n\000g\000\040\000f\000u\000n\000c\000t\000i\000o\000n\000s}{subsection.4.1.1}% 76
\BOOKMARK [2][-]{subsection.4.1.2}{\376\377\000F\000u\000n\000c\000t\000i\000o\000n\000\040\000D\000o\000c\000u\000m\000e\000n\000t\000a\000t\000i\000o\000n}{section.4.1}% 77
\BOOKMARK [3][-]{subsubsection.4.1.2.1}{\376\377\000p\000i\000p\000\137\000y\000i\000e\000l\000d}{subsection.4.1.2}% 78
\BOOKMARK [3][-]{subsubsection.4.1.2.2}{\376\377\000p\000i\000p\000\137\000y\000i\000e\000l\000d\000\137\000t\000o}{subsection.4.1.2}% 79
\BOOKMARK [1][-]{section.4.2}{\376\377\000T\000a\000s\000k\000\040\000Q\000u\000e\000u\000e\000\040\000O\000p\000e\000r\000a\000t\000i\000o\000n\000s}{chapter.4}% 80
\BOOKMARK [2][-]{subsection.4.2.1}{\376\377\000D\000e\000t\000a\000i\000l\000e\000d\000\040\000D\000e\000s\000c\000r\000i\000p\000t\000i\000o\000n}{section.4.2}% 81
\BOOKMARK [3][-]{subsubsection.4.2.1.1}{\376\377\000T\000a\000s\000k\000\040\000q\000u\000e\000u\000e\000\040\000o\000p\000e\000r\000a\000t\000i\000o\000n\000s}{subsection.4.2.1}% 82
\BOOKMARK [2][-]{subsection.4.2.2}{\376\377\000F\000u\000n\000c\000t\000i\000o\000n\000\040\000D\000o\000c\000u\000m\000e\000n\000t\000a\000t\000i\000o\000n}{section.4.2}% 83
\BOOKMARK [3][-]{subsubsection.4.2.2.1}{\376\377\000p\000i\000p\000\137\000t\000a\000s\000k\000\137\000q\000u\000e\000u\000e\000\137\000i\000n\000i\000t}{subsection.4.2.2}% 84
\BOOKMARK [3][-]{subsubsection.4.2.2.2}{\376\377\000p\000i\000p\000\137\000t\000a\000s\000k\000\137\000q\000u\000e\000u\000e\000\137\000t\000r\000y\000l\000o\000c\000k}{subsection.4.2.2}% 85
\BOOKMARK [3][-]{subsubsection.4.2.2.3}{\376\377\000p\000i\000p\000\137\000t\000a\000s\000k\000\137\000q\000u\000e\000u\000e\000\137\000l\000o\000c\000k}{subsection.4.2.2}% 86
\BOOKMARK [3][-]{subsubsection.4.2.2.4}{\376\377\000p\000i\000p\000\137\000t\000a\000s\000k\000\137\000q\000u\000e\000u\000e\000\137\000u\000n\000l\000o\000c\000k}{subsection.4.2.2}% 87
\BOOKMARK [3][-]{subsubsection.4.2.2.5}{\376\377\000p\000i\000p\000\137\000t\000a\000s\000k\000\137\000q\000u\000e\000u\000e\000\137\000i\000s\000e\000m\000p\000t\000y}{subsection.4.2.2}% 88
\BOOKMARK [3][-]{subsubsection.4.2.2.6}{\376\377\000p\000i\000p\000\137\000t\000a\000s\000k\000\137\000q\000u\000e\000u\000e\000\137\000c\000o\000u\000n\000t}{subsection.4.2.2}% 89
\BOOKMARK [3][-]{subsubsection.4.2.2.7}{\376\377\000p\000i\000p\000\137\000t\000a\000s\000k\000\137\000q\000u\000e\000u\000e\000\137\000e\000n\000q\000u\000e\000u\000e}{subsection.4.2.2}% 90
\BOOKMARK [3][-]{subsubsection.4.2.2.8}{\376\377\000p\000i\000p\000\137\000t\000a\000s\000k\000\137\000q\000u\000e\000u\000e\000\137\000d\000e\000q\000u\000e\000u\000e}{subsection.4.2.2}% 91
\BOOKMARK [3][-]{subsubsection.4.2.2.9}{\376\377\000p\000i\000p\000\137\000t\000a\000s\000k\000\137\000q\000u\000e\000u\000e\000\137\000d\000e\000s\000c\000r\000i\000b\000e}{subsection.4.2.2}% 92
\BOOKMARK [3][-]{subsubsection.4.2.2.10}{\376\377\000p\000i\000p\000\137\000t\000a\000s\000k\000\137\000q\000u\000e\000u\000e\000\137\000f\000i\000n}{subsection.4.2.2}% 93
\BOOKMARK [1][-]{section.4.3}{\376\377\000S\000u\000s\000p\000e\000n\000d\000i\000n\000g\000\040\000a\000n\000d\000\040\000R\000e\000s\000u\000m\000i\000n\000g\000\040\000B\000L\000T\000/\000U\000L\000P}{chapter.4}% 94
\BOOKMARK [2][-]{subsection.4.3.1}{\376\377\000D\000e\000t\000a\000i\000l\000e\000d\000\040\000D\000e\000s\000c\000r\000i\000p\000t\000i\000o\000n}{section.4.3}% 95
\BOOKMARK [3][-]{subsubsection.4.3.1.1}{\376\377\000S\000u\000s\000p\000e\000n\000d\000i\000n\000g\000\040\000a\000n\000d\000\040\000r\000e\000s\000u\000m\000i\000n\000g\000\040\000B\000L\000T\000/\000U\000L\000P}{subsection.4.3.1}% 96
\BOOKMARK [2][-]{subsection.4.3.2}{\376\377\000F\000u\000n\000c\000t\000i\000o\000n\000\040\000D\000o\000c\000u\000m\000e\000n\000t\000a\000t\000i\000o\000n}{section.4.3}% 97
\BOOKMARK [3][-]{subsubsection.4.3.2.1}{\376\377\000p\000i\000p\000\137\000s\000u\000s\000p\000e\000n\000d\000\137\000a\000n\000d\000\137\000e\000n\000q\000u\000e\000u\000e}{subsection.4.3.2}% 98
\BOOKMARK [3][-]{subsubsection.4.3.2.2}{\376\377\000p\000i\000p\000\137\000s\000u\000s\000p\000e\000n\000d\000\137\000a\000n\000d\000\137\000e\000n\000q\000u\000e\000u\000e\000\137\000n\000o\000l\000o\000c\000k}{subsection.4.3.2}% 99
\BOOKMARK [3][-]{subsubsection.4.3.2.3}{\376\377\000p\000i\000p\000\137\000d\000e\000q\000u\000e\000u\000e\000\137\000a\000n\000d\000\137\000r\000e\000s\000u\000m\000e}{subsection.4.3.2}% 100
\BOOKMARK [3][-]{subsubsection.4.3.2.4}{\376\377\000p\000i\000p\000\137\000d\000e\000q\000u\000e\000u\000e\000\137\000a\000n\000d\000\137\000r\000e\000s\000u\000m\000e\000\137\000n\000o\000l\000o\000c\000k}{subsection.4.3.2}% 101
\BOOKMARK [3][-]{subsubsection.4.3.2.5}{\376\377\000p\000i\000p\000\137\000d\000e\000q\000u\000e\000u\000e\000\137\000a\000n\000d\000\137\000r\000e\000s\000u\000m\000e\000\137\000N}{subsection.4.3.2}% 102
\BOOKMARK [3][-]{subsubsection.4.3.2.6}{\376\377\000p\000i\000p\000\137\000d\000e\000q\000u\000e\000u\000e\000\137\000a\000n\000d\000\137\000r\000e\000s\000u\000m\000e\000\137\000N\000\137\000n\000o\000l\000o\000c\000k}{subsection.4.3.2}% 103
\BOOKMARK [1][-]{section.4.4}{\376\377\000B\000L\000T\000/\000U\000L\000P\000\040\000B\000a\000r\000r\000i\000e\000r\000\040\000F\000u\000n\000c\000t\000i\000o\000n\000s}{chapter.4}% 104
\BOOKMARK [2][-]{subsection.4.4.1}{\376\377\000D\000e\000t\000a\000i\000l\000e\000d\000\040\000D\000e\000s\000c\000r\000i\000p\000t\000i\000o\000n}{section.4.4}% 105
\BOOKMARK [3][-]{subsubsection.4.4.1.1}{\376\377\000B\000L\000T\000/\000U\000L\000P\000\040\000b\000a\000r\000r\000i\000e\000r\000\040\000s\000y\000n\000c\000h\000r\000o\000n\000i\000z\000a\000t\000i\000o\000n\000\040\000f\000u\000n\000c\000t\000i\000o\000n\000s}{subsection.4.4.1}% 106
\BOOKMARK [2][-]{subsection.4.4.2}{\376\377\000F\000u\000n\000c\000t\000i\000o\000n\000\040\000D\000o\000c\000u\000m\000e\000n\000t\000a\000t\000i\000o\000n}{section.4.4}% 107
\BOOKMARK [3][-]{subsubsection.4.4.2.1}{\376\377\000p\000i\000p\000\137\000b\000a\000r\000r\000i\000e\000r\000\137\000i\000n\000i\000t}{subsection.4.4.2}% 108
\BOOKMARK [3][-]{subsubsection.4.4.2.2}{\376\377\000p\000i\000p\000\137\000b\000a\000r\000r\000i\000e\000r\000\137\000w\000a\000i\000t}{subsection.4.4.2}% 109
\BOOKMARK [3][-]{subsubsection.4.4.2.3}{\376\377\000p\000i\000p\000\137\000b\000a\000r\000r\000i\000e\000r\000\137\000f\000i\000n}{subsection.4.4.2}% 110
\BOOKMARK [1][-]{section.4.5}{\376\377\000B\000L\000T\000/\000U\000L\000P\000\040\000M\000u\000t\000e\000x\000\040\000F\000u\000n\000c\000t\000i\000o\000n\000s}{chapter.4}% 111
\BOOKMARK [2][-]{subsection.4.5.1}{\376\377\000D\000e\000t\000a\000i\000l\000e\000d\000\040\000D\000e\000s\000c\000r\000i\000p\000t\000i\000o\000n}{section.4.5}% 112
\BOOKMARK [2][-]{subsection.4.5.2}{\376\377\000F\000u\000n\000c\000t\000i\000o\000n\000\040\000D\000o\000c\000u\000m\000e\000n\000t\000a\000t\000i\000o\000n}{section.4.5}% 113
\BOOKMARK [3][-]{subsubsection.4.5.2.1}{\376\377\000p\000i\000p\000\137\000m\000u\000t\000e\000x\000\137\000i\000n\000i\000t}{subsection.4.5.2}% 114
\BOOKMARK [3][-]{subsubsection.4.5.2.2}{\376\377\000p\000i\000p\000\137\000m\000u\000t\000e\000x\000\137\000l\000o\000c\000k}{subsection.4.5.2}% 115
\BOOKMARK [3][-]{subsubsection.4.5.2.3}{\376\377\000p\000i\000p\000\137\000m\000u\000t\000e\000x\000\137\000u\000n\000l\000o\000c\000k}{subsection.4.5.2}% 116
\BOOKMARK [3][-]{subsubsection.4.5.2.4}{\376\377\000p\000i\000p\000\137\000m\000u\000t\000e\000x\000\137\000f\000i\000n}{subsection.4.5.2}% 117
\BOOKMARK [1][-]{section.4.6}{\376\377\000B\000L\000T\000/\000U\000L\000P\000\040\000C\000o\000u\000p\000l\000i\000n\000g\000/\000D\000e\000c\000o\000u\000p\000l\000i\000n\000g\000\040\000F\000u\000n\000c\000t\000i\000o\000n\000s}{chapter.4}% 118
\BOOKMARK [2][-]{subsection.4.6.1}{\376\377\000D\000e\000t\000a\000i\000l\000e\000d\000\040\000D\000e\000s\000c\000r\000i\000p\000t\000i\000o\000n}{section.4.6}% 119
\BOOKMARK [3][-]{subsubsection.4.6.1.1}{\376\377\000B\000L\000T\000/\000U\000L\000P\000\040\000c\000o\000u\000p\000l\000i\000n\000g\000/\000d\000e\000c\000o\000u\000p\000l\000i\000n\000g\000\040\000f\000u\000n\000c\000t\000i\000o\000n\000s}{subsection.4.6.1}% 120
\BOOKMARK [2][-]{subsection.4.6.2}{\376\377\000F\000u\000n\000c\000t\000i\000o\000n\000\040\000D\000o\000c\000u\000m\000e\000n\000t\000a\000t\000i\000o\000n}{section.4.6}% 121
\BOOKMARK [3][-]{subsubsection.4.6.2.1}{\376\377\000p\000i\000p\000\137\000c\000o\000u\000p\000l\000e}{subsection.4.6.2}% 122
\BOOKMARK [3][-]{subsubsection.4.6.2.2}{\376\377\000p\000i\000p\000\137\000d\000e\000c\000o\000u\000p\000l\000e}{subsection.4.6.2}% 123
\BOOKMARK [1][-]{section.4.7}{\376\377\000B\000L\000T\000/\000U\000L\000P\000\040\000M\000i\000s\000c\000e\000l\000l\000a\000n\000e\000o\000u\000s\000\040\000F\000u\000n\000c\000t\000i\000o\000n}{chapter.4}% 124
\BOOKMARK [2][-]{subsection.4.7.1}{\376\377\000D\000e\000t\000a\000i\000l\000e\000d\000\040\000D\000e\000s\000c\000r\000i\000p\000t\000i\000o\000n}{section.4.7}% 125
\BOOKMARK [3][-]{subsubsection.4.7.1.1}{\376\377\000B\000L\000T\000/\000U\000L\000P\000\040\000m\000i\000s\000c\000e\000l\000l\000a\000n\000e\000o\000u\000s\000\040\000f\000u\000n\000c\000t\000i\000o\000n}{subsection.4.7.1}% 126
\BOOKMARK [2][-]{subsection.4.7.2}{\376\377\000F\000u\000n\000c\000t\000i\000o\000n\000\040\000D\000o\000c\000u\000m\000e\000n\000t\000a\000t\000i\000o\000n}{section.4.7}% 127
\BOOKMARK [3][-]{subsubsection.4.7.2.1}{\376\377\000p\000i\000p\000\137\000t\000a\000s\000k\000\137\000s\000e\000l\000f}{subsection.4.7.2}% 128
\BOOKMARK [3][-]{subsubsection.4.7.2.2}{\376\377\000p\000i\000p\000\137\000g\000e\000t\000\137\000t\000a\000s\000k\000\137\000p\000i\000p\000i\000d}{subsection.4.7.2}% 129
\BOOKMARK [3][-]{subsubsection.4.7.2.3}{\376\377\000p\000i\000p\000\137\000g\000e\000t\000\137\000t\000a\000s\000k\000\137\000b\000y\000\137\000p\000i\000p\000i\000d}{subsection.4.7.2}% 130
\BOOKMARK [3][-]{subsubsection.4.7.2.4}{\376\377\000p\000i\000p\000\137\000s\000e\000t\000\137\000a\000u\000x}{subsection.4.7.2}% 131
\BOOKMARK [3][-]{subsubsection.4.7.2.5}{\376\377\000p\000i\000p\000\137\000g\000e\000t\000\137\000a\000u\000x}{subsection.4.7.2}% 132
\BOOKMARK [3][-]{subsubsection.4.7.2.6}{\376\377\000p\000i\000p\000\137\000g\000e\000t\000\137\000s\000c\000h\000e\000d\000\137\000d\000o\000m\000a\000i\000n}{subsection.4.7.2}% 133
\BOOKMARK [-1][-]{section*.40}{\376\377\000I\000n\000d\000e\000x}{}% 134
